12/03/2024  08:21:53 AM: INFO: ****test_001_AccountRegistration started****
12/03/2024  08:21:53 AM: INFO: ****Launching Application****
12/03/2024  08:21:54 AM: INFO: ****Click on MyAccount ==> Register****
12/03/2024  08:21:56 AM: INFO: ****Account Registration is Passed****
12/03/2024  08:23:05 AM: INFO: ****test_001_AccountRegistration started****
12/03/2024  08:23:06 AM: INFO: ****Launching Application****
12/03/2024  08:23:06 AM: INFO: ****Click on MyAccount ==> Register****
12/03/2024  08:23:09 AM: INFO: ****Account Registration is Passed****
12/03/2024  08:26:49 AM: INFO: ****test_001_AccountRegistration started****
12/03/2024  08:26:50 AM: INFO: ****Launching Application****
12/03/2024  08:26:51 AM: INFO: ****Click on MyAccount ==> Register****
12/03/2024  08:26:53 AM: INFO: ****Account Registration is Passed****
12/03/2024  08:27:20 AM: INFO: ****test_001_AccountRegistration started****
12/03/2024  08:27:21 AM: INFO: ****Launching Application****
12/03/2024  08:27:21 AM: INFO: ****Click on MyAccount ==> Register****
12/03/2024  08:27:23 AM: INFO: ****Account Registration is Passed****
12/03/2024  08:28:12 AM: INFO: ****test_001_AccountRegistration started****
12/03/2024  08:28:13 AM: INFO: ****Launching Application****
12/03/2024  08:28:13 AM: INFO: ****Click on MyAccount ==> Register****
12/03/2024  08:28:15 AM: INFO: ****Account Registration is Passed****
12/03/2024  08:28:45 AM: INFO: ****test_001_AccountRegistration started****
12/03/2024  08:28:46 AM: INFO: ****Launching Application****
12/03/2024  08:28:47 AM: INFO: ****Click on MyAccount ==> Register****
12/03/2024  08:28:49 AM: INFO: ****Account Registration is Passed****
12/03/2024  08:30:15 AM: INFO: ****test_001_AccountRegistration started****
12/03/2024  08:30:16 AM: INFO: ****Launching Application****
12/03/2024  08:30:16 AM: INFO: ****Click on MyAccount ==> Register****
12/03/2024  08:30:19 AM: INFO: ****Account Registration is Passed****
12/03/2024  08:35:37 AM: INFO: ****test_001_AccountRegistration started****
12/03/2024  08:35:39 AM: INFO: ****Launching Application****
12/03/2024  08:35:39 AM: INFO: ****Click on MyAccount ==> Register****
12/03/2024  08:35:41 AM: INFO: ****Account Registration is Passed****
12/03/2024  08:36:15 AM: INFO: ****test_001_AccountRegistration started****
12/03/2024  08:36:16 AM: INFO: ****Launching Application****
12/03/2024  08:36:16 AM: INFO: ****Click on MyAccount ==> Register****
12/03/2024  08:36:18 AM: INFO: ****Account Registration is Passed****
12/04/2024  08:22:58 AM: INFO: ******* Starting test_002_login **********
12/04/2024  08:23:00 AM: INFO: ******* End of test_002_login **********
12/04/2024  08:23:47 AM: INFO: ****test_001_AccountRegistration started****
12/04/2024  08:23:47 AM: INFO: ****test_001_AccountRegistration started****
12/04/2024  08:23:48 AM: INFO: ****Launching Application****
12/04/2024  08:23:48 AM: INFO: ****Launching Application****
12/04/2024  08:23:48 AM: INFO: ****Click on MyAccount ==> Register****
12/04/2024  08:23:48 AM: INFO: ****Click on MyAccount ==> Register****
12/04/2024  08:23:50 AM: INFO: ****Account Registration is Passed****
12/04/2024  08:23:50 AM: INFO: ****Account Registration is Passed****
12/04/2024  08:23:54 AM: INFO: ******* Starting test_002_login **********
12/04/2024  08:23:54 AM: INFO: ******* Starting test_002_login **********
12/04/2024  08:23:56 AM: INFO: ******* End of test_002_login **********
12/04/2024  08:23:56 AM: INFO: ******* End of test_002_login **********
12/04/2024  09:01:28 AM: INFO: ****Starting of Data Driven Test Case****
12/04/2024  09:05:27 AM: INFO: ****Starting of Data Driven Test Case****
12/04/2024  09:10:54 AM: INFO: ****Starting of Data Driven Test Case****
12/04/2024  09:11:42 AM: INFO: ******* End of test_003_login_Datadriven **********
12/04/2024  09:15:07 AM: INFO: ****Starting of Data Driven Test Case****
12/04/2024  09:15:55 AM: INFO: ******* End of test_003_login_Datadriven **********
12/04/2024  09:21:16 AM: INFO: ******* Starting test_002_login **********
12/04/2024  09:21:16 AM: INFO: ******* Starting test_002_login **********
12/04/2024  09:21:16 AM: INFO: ******* Starting test_002_login **********
12/04/2024  09:21:19 AM: INFO: ******* End of test_002_login **********
12/04/2024  09:21:19 AM: INFO: ******* End of test_002_login **********
12/04/2024  09:21:19 AM: INFO: ******* End of test_002_login **********
12/04/2024  09:21:23 AM: INFO: ****Starting of Data Driven Test Case****
12/04/2024  09:21:23 AM: INFO: ****Starting of Data Driven Test Case****
12/04/2024  09:21:23 AM: INFO: ****Starting of Data Driven Test Case****
12/04/2024  09:22:11 AM: INFO: ******* End of test_003_login_Datadriven **********
12/04/2024  09:22:11 AM: INFO: ******* End of test_003_login_Datadriven **********
12/04/2024  09:22:11 AM: INFO: ******* End of test_003_login_Datadriven **********
12/05/2024  08:13:42 AM: INFO: ******* Starting test_002_login **********
12/05/2024  08:13:42 AM: INFO: ******* Starting test_002_login **********
12/05/2024  08:13:42 AM: INFO: ******* Starting test_002_login **********
12/05/2024  08:13:45 AM: INFO: ******* End of test_002_login **********
12/05/2024  08:13:45 AM: INFO: ******* End of test_002_login **********
12/05/2024  08:13:45 AM: INFO: ******* End of test_002_login **********
12/05/2024  08:13:49 AM: INFO: ****Starting of Data Driven Test Case****
12/05/2024  08:13:49 AM: INFO: ****Starting of Data Driven Test Case****
12/05/2024  08:13:49 AM: INFO: ****Starting of Data Driven Test Case****
12/05/2024  08:14:37 AM: INFO: ******* End of test_003_login_Datadriven **********
12/05/2024  08:14:37 AM: INFO: ******* End of test_003_login_Datadriven **********
12/05/2024  08:14:37 AM: INFO: ******* End of test_003_login_Datadriven **********
12/06/2024  06:06:30 AM: INFO: ******* Starting test_002_login **********
12/06/2024  06:06:30 AM: INFO: ******* Starting test_002_login **********
12/06/2024  06:06:30 AM: INFO: ******* Starting test_002_login **********
12/06/2024  06:06:34 AM: INFO: ******* End of test_002_login **********
12/06/2024  06:06:34 AM: INFO: ******* End of test_002_login **********
12/06/2024  06:06:34 AM: INFO: ******* End of test_002_login **********
12/06/2024  06:06:38 AM: INFO: ****Starting of Data Driven Test Case****
12/06/2024  06:06:38 AM: INFO: ****Starting of Data Driven Test Case****
12/06/2024  06:06:38 AM: INFO: ****Starting of Data Driven Test Case****
12/06/2024  06:06:57 AM: INFO: ******* Starting test_002_login **********
12/06/2024  06:06:57 AM: INFO: ******* Starting test_002_login **********
12/06/2024  06:06:57 AM: INFO: ******* Starting test_002_login **********
12/06/2024  06:07:00 AM: INFO: ******* End of test_002_login **********
12/06/2024  06:07:00 AM: INFO: ******* End of test_002_login **********
12/06/2024  06:07:00 AM: INFO: ******* End of test_002_login **********
12/06/2024  06:07:04 AM: INFO: ****Starting of Data Driven Test Case****
12/06/2024  06:07:04 AM: INFO: ****Starting of Data Driven Test Case****
12/06/2024  06:07:04 AM: INFO: ****Starting of Data Driven Test Case****
12/06/2024  06:09:46 AM: INFO: ******* Starting test_002_login **********
12/06/2024  06:09:46 AM: INFO: ******* Starting test_002_login **********
12/06/2024  06:09:46 AM: INFO: ******* Starting test_002_login **********
12/06/2024  06:09:50 AM: INFO: ******* End of test_002_login **********
12/06/2024  06:09:50 AM: INFO: ******* End of test_002_login **********
12/06/2024  06:09:50 AM: INFO: ******* End of test_002_login **********
12/06/2024  06:10:44 AM: INFO: ******* Starting test_002_login **********
12/06/2024  06:10:44 AM: INFO: ******* Starting test_002_login **********
12/06/2024  06:10:44 AM: INFO: ******* Starting test_002_login **********
12/06/2024  06:10:47 AM: INFO: ******* End of test_002_login **********
12/06/2024  06:10:47 AM: INFO: ******* End of test_002_login **********
12/06/2024  06:10:47 AM: INFO: ******* End of test_002_login **********
12/06/2024  06:10:49 AM: INFO: ****Starting of Data Driven Test Case****
12/06/2024  06:10:49 AM: INFO: ****Starting of Data Driven Test Case****
12/06/2024  06:10:49 AM: INFO: ****Starting of Data Driven Test Case****
12/06/2024  06:12:03 AM: INFO: ******* Starting test_002_login **********
12/06/2024  06:12:03 AM: INFO: ******* Starting test_002_login **********
12/06/2024  06:12:03 AM: INFO: ******* Starting test_002_login **********
12/06/2024  06:12:03 AM: INFO: ****Starting of Data Driven Test Case****
12/06/2024  06:12:03 AM: INFO: ****Starting of Data Driven Test Case****
12/06/2024  06:12:03 AM: INFO: ****Starting of Data Driven Test Case****
12/06/2024  06:12:06 AM: INFO: ******* End of test_002_login **********
12/06/2024  06:12:06 AM: INFO: ******* End of test_002_login **********
12/06/2024  06:12:06 AM: INFO: ******* End of test_002_login **********
12/06/2024  06:13:03 AM: INFO: ****Starting of Data Driven Test Case****
12/06/2024  06:13:03 AM: INFO: ****Starting of Data Driven Test Case****
12/06/2024  06:13:03 AM: INFO: ****Starting of Data Driven Test Case****
12/06/2024  06:13:03 AM: INFO: ******* Starting test_002_login **********
12/06/2024  06:13:03 AM: INFO: ******* Starting test_002_login **********
12/06/2024  06:13:03 AM: INFO: ******* Starting test_002_login **********
12/06/2024  06:13:08 AM: INFO: ******* End of test_002_login **********
12/06/2024  06:13:08 AM: INFO: ******* End of test_002_login **********
12/06/2024  06:13:08 AM: INFO: ******* End of test_002_login **********
12/06/2024  09:27:20 AM: INFO: ******* Starting test_002_login **********
12/06/2024  09:27:20 AM: INFO: ******* Starting test_002_login **********
12/06/2024  09:27:20 AM: INFO: ******* Starting test_002_login **********
12/06/2024  09:27:22 AM: INFO: ******* End of test_002_login **********
12/06/2024  09:27:22 AM: INFO: ******* End of test_002_login **********
12/06/2024  09:27:22 AM: INFO: ******* End of test_002_login **********
12/06/2024  09:28:06 AM: INFO: ******* Starting test_002_login **********
12/06/2024  09:28:06 AM: INFO: ******* Starting test_002_login **********
12/06/2024  09:28:06 AM: INFO: ******* Starting test_002_login **********
12/06/2024  09:28:09 AM: INFO: ******* End of test_002_login **********
12/06/2024  09:28:09 AM: INFO: ******* End of test_002_login **********
12/06/2024  09:28:09 AM: INFO: ******* End of test_002_login **********
12/06/2024  08:46:54 PM: INFO: ******* Starting test_002_login **********
12/06/2024  08:46:54 PM: INFO: ******* Starting test_002_login **********
12/06/2024  08:46:54 PM: INFO: ******* Starting test_002_login **********
12/06/2024  08:46:57 PM: INFO: ******* End of test_002_login **********
12/06/2024  08:46:57 PM: INFO: ******* End of test_002_login **********
12/06/2024  08:46:57 PM: INFO: ******* End of test_002_login **********
12/06/2024  08:50:30 PM: INFO: ******* Starting test_002_login **********
12/06/2024  08:50:30 PM: INFO: ******* Starting test_002_login **********
12/06/2024  08:50:30 PM: INFO: ******* Starting test_002_login **********
12/06/2024  08:50:32 PM: INFO: ******* End of test_002_login **********
12/06/2024  08:50:32 PM: INFO: ******* End of test_002_login **********
12/06/2024  08:50:32 PM: INFO: ******* End of test_002_login **********
12/07/2024  02:15:07 PM: INFO: ******* Starting test_002_login **********
12/07/2024  02:15:07 PM: INFO: ******* Starting test_002_login **********
12/07/2024  02:15:07 PM: INFO: ******* Starting test_002_login **********
12/07/2024  02:15:10 PM: INFO: ******* End of test_002_login **********
12/07/2024  02:15:10 PM: INFO: ******* End of test_002_login **********
12/07/2024  02:15:10 PM: INFO: ******* End of test_002_login **********
12/07/2024  02:15:28 PM: INFO: ******* Starting test_002_login **********
12/07/2024  02:15:28 PM: INFO: ******* Starting test_002_login **********
12/07/2024  02:15:28 PM: INFO: ******* Starting test_002_login **********
12/07/2024  02:15:32 PM: INFO: ******* End of test_002_login **********
12/07/2024  02:15:32 PM: INFO: ******* End of test_002_login **********
12/07/2024  02:15:32 PM: INFO: ******* End of test_002_login **********
12/07/2024  02:20:46 PM: INFO: ******* Starting test_002_login **********
12/07/2024  02:20:46 PM: INFO: ******* Starting test_002_login **********
12/07/2024  02:20:46 PM: INFO: ******* Starting test_002_login **********
12/07/2024  02:20:50 PM: INFO: ******* End of test_002_login **********
12/07/2024  02:20:50 PM: INFO: ******* End of test_002_login **********
12/07/2024  02:20:50 PM: INFO: ******* End of test_002_login **********
12/07/2024  02:22:09 PM: INFO: ******* Starting test_002_login **********
12/07/2024  02:22:09 PM: INFO: ******* Starting test_002_login **********
12/07/2024  02:22:09 PM: INFO: ******* Starting test_002_login **********
12/07/2024  02:22:12 PM: INFO: ******* End of test_002_login **********
12/07/2024  02:22:12 PM: INFO: ******* End of test_002_login **********
12/07/2024  02:22:12 PM: INFO: ******* End of test_002_login **********
12/07/2024  02:23:41 PM: INFO: ******* Starting test_002_login **********
12/07/2024  02:23:41 PM: INFO: ******* Starting test_002_login **********
12/07/2024  02:23:41 PM: INFO: ******* Starting test_002_login **********
12/07/2024  02:23:54 PM: INFO: ******* End of test_002_login **********
12/07/2024  02:23:54 PM: INFO: ******* End of test_002_login **********
12/07/2024  02:23:54 PM: INFO: ******* End of test_002_login **********
12/07/2024  02:24:35 PM: INFO: ******* Starting test_002_login **********
12/07/2024  02:24:35 PM: INFO: ******* Starting test_002_login **********
12/07/2024  02:24:35 PM: INFO: ******* Starting test_002_login **********
12/07/2024  02:24:48 PM: INFO: ******* End of test_002_login **********
12/07/2024  02:24:48 PM: INFO: ******* End of test_002_login **********
12/07/2024  02:24:48 PM: INFO: ******* End of test_002_login **********
12/07/2024  02:24:49 PM: INFO: ****test_001_AccountRegistration started****
12/07/2024  02:24:49 PM: INFO: ****test_001_AccountRegistration started****
12/07/2024  02:24:49 PM: INFO: ****test_001_AccountRegistration started****
12/07/2024  02:24:50 PM: INFO: ****Launching Application****
12/07/2024  02:24:50 PM: INFO: ****Launching Application****
12/07/2024  02:24:50 PM: INFO: ****Launching Application****
12/07/2024  02:24:50 PM: INFO: ****Click on MyAccount ==> Register****
12/07/2024  02:24:50 PM: INFO: ****Click on MyAccount ==> Register****
12/07/2024  02:24:50 PM: INFO: ****Click on MyAccount ==> Register****
12/07/2024  02:24:52 PM: INFO: ****Account Registration is Passed****
12/07/2024  02:24:52 PM: INFO: ****Account Registration is Passed****
12/07/2024  02:24:52 PM: INFO: ****Account Registration is Passed****
12/07/2024  02:26:06 PM: INFO: ****test_001_AccountRegistration started****
12/07/2024  02:26:06 PM: INFO: ****test_001_AccountRegistration started****
12/07/2024  02:26:06 PM: INFO: ****test_001_AccountRegistration started****
12/07/2024  02:26:08 PM: INFO: ****Launching Application****
12/07/2024  02:26:08 PM: INFO: ****Launching Application****
12/07/2024  02:26:08 PM: INFO: ****Launching Application****
12/07/2024  02:26:08 PM: INFO: ****Click on MyAccount ==> Register****
12/07/2024  02:26:08 PM: INFO: ****Click on MyAccount ==> Register****
12/07/2024  02:26:08 PM: INFO: ****Click on MyAccount ==> Register****
12/07/2024  02:26:11 PM: INFO: ****Account Registration is Passed****
12/07/2024  02:26:11 PM: INFO: ****Account Registration is Passed****
12/07/2024  02:26:11 PM: INFO: ****Account Registration is Passed****
12/07/2024  02:26:11 PM: INFO: ******* Starting test_002_login **********
12/07/2024  02:26:11 PM: INFO: ******* Starting test_002_login **********
12/07/2024  02:26:11 PM: INFO: ******* Starting test_002_login **********
12/07/2024  02:26:14 PM: INFO: ******* End of test_002_login **********
12/07/2024  02:26:14 PM: INFO: ******* End of test_002_login **********
12/07/2024  02:26:14 PM: INFO: ******* End of test_002_login **********
12/07/2024  02:28:54 PM: INFO: ****test_001_AccountRegistration started****
12/07/2024  02:28:54 PM: INFO: ****test_001_AccountRegistration started****
12/07/2024  02:28:54 PM: INFO: ****test_001_AccountRegistration started****
12/07/2024  02:28:56 PM: INFO: ****Launching Application****
12/07/2024  02:28:56 PM: INFO: ****Launching Application****
12/07/2024  02:28:56 PM: INFO: ****Launching Application****
12/07/2024  02:28:56 PM: INFO: ****Click on MyAccount ==> Register****
12/07/2024  02:28:56 PM: INFO: ****Click on MyAccount ==> Register****
12/07/2024  02:28:56 PM: INFO: ****Click on MyAccount ==> Register****
12/07/2024  02:28:58 PM: INFO: ****Account Registration is Passed****
12/07/2024  02:28:58 PM: INFO: ****Account Registration is Passed****
12/07/2024  02:28:58 PM: INFO: ****Account Registration is Passed****
12/07/2024  02:28:58 PM: INFO: ******* Starting test_002_login **********
12/07/2024  02:28:58 PM: INFO: ******* Starting test_002_login **********
12/07/2024  02:28:58 PM: INFO: ******* Starting test_002_login **********
12/07/2024  02:29:02 PM: INFO: ******* End of test_002_login **********
12/07/2024  02:29:02 PM: INFO: ******* End of test_002_login **********
12/07/2024  02:29:02 PM: INFO: ******* End of test_002_login **********
12/07/2024  02:30:26 PM: INFO: ****test_001_AccountRegistration started****
12/07/2024  02:30:26 PM: INFO: ****test_001_AccountRegistration started****
12/07/2024  02:30:26 PM: INFO: ****test_001_AccountRegistration started****
12/07/2024  02:30:28 PM: INFO: ****Launching Application****
12/07/2024  02:30:28 PM: INFO: ****Launching Application****
12/07/2024  02:30:28 PM: INFO: ****Launching Application****
12/07/2024  02:30:28 PM: INFO: ****Click on MyAccount ==> Register****
12/07/2024  02:30:28 PM: INFO: ****Click on MyAccount ==> Register****
12/07/2024  02:30:28 PM: INFO: ****Click on MyAccount ==> Register****
12/07/2024  02:30:30 PM: INFO: ****Account Registration is Passed****
12/07/2024  02:30:30 PM: INFO: ****Account Registration is Passed****
12/07/2024  02:30:30 PM: INFO: ****Account Registration is Passed****
12/07/2024  02:30:32 PM: INFO: ******* Starting test_002_login **********
12/07/2024  02:30:32 PM: INFO: ******* Starting test_002_login **********
12/07/2024  02:30:32 PM: INFO: ******* Starting test_002_login **********
12/07/2024  02:30:35 PM: INFO: ******* End of test_002_login **********
12/07/2024  02:30:35 PM: INFO: ******* End of test_002_login **********
12/07/2024  02:30:35 PM: INFO: ******* End of test_002_login **********
12/07/2024  02:33:09 PM: INFO: ****test_001_AccountRegistration started****
12/07/2024  02:33:09 PM: INFO: ****test_001_AccountRegistration started****
12/07/2024  02:33:09 PM: INFO: ****test_001_AccountRegistration started****
12/07/2024  02:33:10 PM: INFO: ****Launching Application****
12/07/2024  02:33:10 PM: INFO: ****Launching Application****
12/07/2024  02:33:10 PM: INFO: ****Launching Application****
12/07/2024  02:33:10 PM: INFO: ****Click on MyAccount ==> Register****
12/07/2024  02:33:10 PM: INFO: ****Click on MyAccount ==> Register****
12/07/2024  02:33:10 PM: INFO: ****Click on MyAccount ==> Register****
12/07/2024  02:33:13 PM: INFO: ****Account Registration is Passed****
12/07/2024  02:33:13 PM: INFO: ****Account Registration is Passed****
12/07/2024  02:33:13 PM: INFO: ****Account Registration is Passed****
12/07/2024  02:33:13 PM: INFO: ******* Starting test_002_login **********
12/07/2024  02:33:13 PM: INFO: ******* Starting test_002_login **********
12/07/2024  02:33:13 PM: INFO: ******* Starting test_002_login **********
12/07/2024  02:33:16 PM: INFO: ******* End of test_002_login **********
12/07/2024  02:33:16 PM: INFO: ******* End of test_002_login **********
12/07/2024  02:33:16 PM: INFO: ******* End of test_002_login **********
12/07/2024  02:33:27 PM: INFO: ****test_001_AccountRegistration started****
12/07/2024  02:33:27 PM: INFO: ****test_001_AccountRegistration started****
12/07/2024  02:33:27 PM: INFO: ****test_001_AccountRegistration started****
12/07/2024  02:33:29 PM: INFO: ****Launching Application****
12/07/2024  02:33:29 PM: INFO: ****Launching Application****
12/07/2024  02:33:29 PM: INFO: ****Launching Application****
12/07/2024  02:33:29 PM: INFO: ****Click on MyAccount ==> Register****
12/07/2024  02:33:29 PM: INFO: ****Click on MyAccount ==> Register****
12/07/2024  02:33:29 PM: INFO: ****Click on MyAccount ==> Register****
12/07/2024  02:33:31 PM: INFO: ****Account Registration is Passed****
12/07/2024  02:33:31 PM: INFO: ****Account Registration is Passed****
12/07/2024  02:33:31 PM: INFO: ****Account Registration is Passed****
12/07/2024  02:33:32 PM: INFO: ******* Starting test_002_login **********
12/07/2024  02:33:32 PM: INFO: ******* Starting test_002_login **********
12/07/2024  02:33:32 PM: INFO: ******* Starting test_002_login **********
12/07/2024  02:33:35 PM: INFO: ******* End of test_002_login **********
12/07/2024  02:33:35 PM: INFO: ******* End of test_002_login **********
12/07/2024  02:33:35 PM: INFO: ******* End of test_002_login **********
12/07/2024  02:36:59 PM: INFO: ****test_001_AccountRegistration started****
12/07/2024  02:36:59 PM: INFO: ****test_001_AccountRegistration started****
12/07/2024  02:36:59 PM: INFO: ****test_001_AccountRegistration started****
12/07/2024  02:37:01 PM: INFO: ****Launching Application****
12/07/2024  02:37:01 PM: INFO: ****Launching Application****
12/07/2024  02:37:01 PM: INFO: ****Launching Application****
12/07/2024  02:37:01 PM: INFO: ****Click on MyAccount ==> Register****
12/07/2024  02:37:01 PM: INFO: ****Click on MyAccount ==> Register****
12/07/2024  02:37:01 PM: INFO: ****Click on MyAccount ==> Register****
12/07/2024  02:37:03 PM: INFO: ****Account Registration is Passed****
12/07/2024  02:37:03 PM: INFO: ****Account Registration is Passed****
12/07/2024  02:37:03 PM: INFO: ****Account Registration is Passed****
12/07/2024  02:37:04 PM: INFO: ******* Starting test_002_login **********
12/07/2024  02:37:04 PM: INFO: ******* Starting test_002_login **********
12/07/2024  02:37:04 PM: INFO: ******* Starting test_002_login **********
12/07/2024  02:37:07 PM: INFO: ******* End of test_002_login **********
12/07/2024  02:37:07 PM: INFO: ******* End of test_002_login **********
12/07/2024  02:37:07 PM: INFO: ******* End of test_002_login **********
12/07/2024  02:37:08 PM: INFO: ****Starting of Data Driven Test Case****
12/07/2024  02:37:08 PM: INFO: ****Starting of Data Driven Test Case****
12/07/2024  02:37:08 PM: INFO: ****Starting of Data Driven Test Case****
12/07/2024  02:37:57 PM: INFO: ******* End of test_003_login_Datadriven **********
12/07/2024  02:37:57 PM: INFO: ******* End of test_003_login_Datadriven **********
12/07/2024  02:37:57 PM: INFO: ******* End of test_003_login_Datadriven **********
12/07/2024  03:09:49 PM: INFO: ****test_001_AccountRegistration started****
12/07/2024  03:09:49 PM: INFO: ****test_001_AccountRegistration started****
12/07/2024  03:09:49 PM: INFO: ****test_001_AccountRegistration started****
12/07/2024  03:09:51 PM: INFO: ****Launching Application****
12/07/2024  03:09:51 PM: INFO: ****Launching Application****
12/07/2024  03:09:51 PM: INFO: ****Launching Application****
12/07/2024  03:09:51 PM: INFO: ****Click on MyAccount ==> Register****
12/07/2024  03:09:51 PM: INFO: ****Click on MyAccount ==> Register****
12/07/2024  03:09:51 PM: INFO: ****Click on MyAccount ==> Register****
12/07/2024  03:09:53 PM: INFO: ****Account Registration is Passed****
12/07/2024  03:09:53 PM: INFO: ****Account Registration is Passed****
12/07/2024  03:09:53 PM: INFO: ****Account Registration is Passed****
12/07/2024  03:09:54 PM: INFO: ******* Starting test_002_login **********
12/07/2024  03:09:54 PM: INFO: ******* Starting test_002_login **********
12/07/2024  03:09:54 PM: INFO: ******* Starting test_002_login **********
12/07/2024  03:09:56 PM: INFO: ******* End of test_002_login **********
12/07/2024  03:09:56 PM: INFO: ******* End of test_002_login **********
12/07/2024  03:09:56 PM: INFO: ******* End of test_002_login **********
12/07/2024  03:09:57 PM: INFO: ****Starting of Data Driven Test Case****
12/07/2024  03:09:57 PM: INFO: ****Starting of Data Driven Test Case****
12/07/2024  03:09:57 PM: INFO: ****Starting of Data Driven Test Case****
12/07/2024  03:10:46 PM: INFO: ******* End of test_003_login_Datadriven **********
12/07/2024  03:10:46 PM: INFO: ******* End of test_003_login_Datadriven **********
12/07/2024  03:10:46 PM: INFO: ******* End of test_003_login_Datadriven **********
12/07/2024  03:11:29 PM: INFO: ******* Starting test_002_login **********
12/07/2024  03:11:29 PM: INFO: ******* Starting test_002_login **********
12/07/2024  03:11:29 PM: INFO: ******* Starting test_002_login **********
12/07/2024  03:11:32 PM: INFO: ******* End of test_002_login **********
12/07/2024  03:11:32 PM: INFO: ******* End of test_002_login **********
12/07/2024  03:11:32 PM: INFO: ******* End of test_002_login **********
12/07/2024  03:11:56 PM: INFO: ****test_001_AccountRegistration started****
12/07/2024  03:11:56 PM: INFO: ****test_001_AccountRegistration started****
12/07/2024  03:11:56 PM: INFO: ****test_001_AccountRegistration started****
12/07/2024  03:11:59 PM: INFO: ****Launching Application****
12/07/2024  03:11:59 PM: INFO: ****Launching Application****
12/07/2024  03:11:59 PM: INFO: ****Launching Application****
12/07/2024  03:11:59 PM: INFO: ****Click on MyAccount ==> Register****
12/07/2024  03:11:59 PM: INFO: ****Click on MyAccount ==> Register****
12/07/2024  03:11:59 PM: INFO: ****Click on MyAccount ==> Register****
12/07/2024  03:12:02 PM: INFO: ****Account Registration is Passed****
12/07/2024  03:12:02 PM: INFO: ****Account Registration is Passed****
12/07/2024  03:12:02 PM: INFO: ****Account Registration is Passed****
12/07/2024  03:12:02 PM: INFO: ****Starting of Data Driven Test Case****
12/07/2024  03:12:02 PM: INFO: ****Starting of Data Driven Test Case****
12/07/2024  03:12:02 PM: INFO: ****Starting of Data Driven Test Case****
12/07/2024  03:12:51 PM: INFO: ******* End of test_003_login_Datadriven **********
12/07/2024  03:12:51 PM: INFO: ******* End of test_003_login_Datadriven **********
12/07/2024  03:12:51 PM: INFO: ******* End of test_003_login_Datadriven **********
12/07/2024  03:13:25 PM: INFO: ****test_001_AccountRegistration started****
12/07/2024  03:13:25 PM: INFO: ****test_001_AccountRegistration started****
12/07/2024  03:13:25 PM: INFO: ****test_001_AccountRegistration started****
12/07/2024  03:13:27 PM: INFO: ****Launching Application****
12/07/2024  03:13:27 PM: INFO: ****Launching Application****
12/07/2024  03:13:27 PM: INFO: ****Launching Application****
12/07/2024  03:13:27 PM: INFO: ****Click on MyAccount ==> Register****
12/07/2024  03:13:27 PM: INFO: ****Click on MyAccount ==> Register****
12/07/2024  03:13:27 PM: INFO: ****Click on MyAccount ==> Register****
12/07/2024  03:13:29 PM: INFO: ****Account Registration is Passed****
12/07/2024  03:13:29 PM: INFO: ****Account Registration is Passed****
12/07/2024  03:13:29 PM: INFO: ****Account Registration is Passed****
12/07/2024  03:13:29 PM: INFO: ******* Starting test_002_login **********
12/07/2024  03:13:29 PM: INFO: ******* Starting test_002_login **********
12/07/2024  03:13:29 PM: INFO: ******* Starting test_002_login **********
12/07/2024  03:13:32 PM: INFO: ******* End of test_002_login **********
12/07/2024  03:13:32 PM: INFO: ******* End of test_002_login **********
12/07/2024  03:13:32 PM: INFO: ******* End of test_002_login **********
12/07/2024  03:13:32 PM: INFO: ****Starting of Data Driven Test Case****
12/07/2024  03:13:32 PM: INFO: ****Starting of Data Driven Test Case****
12/07/2024  03:13:32 PM: INFO: ****Starting of Data Driven Test Case****
12/07/2024  03:14:21 PM: INFO: ******* End of test_003_login_Datadriven **********
12/07/2024  03:14:21 PM: INFO: ******* End of test_003_login_Datadriven **********
12/07/2024  03:14:21 PM: INFO: ******* End of test_003_login_Datadriven **********
12/07/2024  03:30:56 PM: INFO: ****test_001_AccountRegistration started****
12/07/2024  03:30:56 PM: INFO: ****test_001_AccountRegistration started****
12/07/2024  03:30:56 PM: INFO: ****test_001_AccountRegistration started****
12/07/2024  03:30:57 PM: INFO: ****Launching Application****
12/07/2024  03:30:57 PM: INFO: ****Launching Application****
12/07/2024  03:30:57 PM: INFO: ****Launching Application****
12/07/2024  03:30:57 PM: INFO: ****Click on MyAccount ==> Register****
12/07/2024  03:30:57 PM: INFO: ****Click on MyAccount ==> Register****
12/07/2024  03:30:57 PM: INFO: ****Click on MyAccount ==> Register****
12/07/2024  03:31:00 PM: INFO: ****Account Registration is Passed****
12/07/2024  03:31:00 PM: INFO: ****Account Registration is Passed****
12/07/2024  03:31:00 PM: INFO: ****Account Registration is Passed****
12/07/2024  03:31:00 PM: INFO: ******* Starting test_002_login **********
12/07/2024  03:31:00 PM: INFO: ******* Starting test_002_login **********
12/07/2024  03:31:00 PM: INFO: ******* Starting test_002_login **********
12/07/2024  03:31:03 PM: INFO: ******* End of test_002_login **********
12/07/2024  03:31:03 PM: INFO: ******* End of test_002_login **********
12/07/2024  03:31:03 PM: INFO: ******* End of test_002_login **********
12/07/2024  03:31:04 PM: INFO: ****Starting of Data Driven Test Case****
12/07/2024  03:31:04 PM: INFO: ****Starting of Data Driven Test Case****
12/07/2024  03:31:04 PM: INFO: ****Starting of Data Driven Test Case****
12/07/2024  03:42:38 PM: INFO: ****test_001_AccountRegistration started****
12/07/2024  03:42:38 PM: INFO: ****test_001_AccountRegistration started****
12/07/2024  03:42:38 PM: INFO: ****test_001_AccountRegistration started****
12/07/2024  03:42:40 PM: INFO: ****Launching Application****
12/07/2024  03:42:40 PM: INFO: ****Launching Application****
12/07/2024  03:42:40 PM: INFO: ****Launching Application****
12/07/2024  03:42:40 PM: INFO: ****Click on MyAccount ==> Register****
12/07/2024  03:42:40 PM: INFO: ****Click on MyAccount ==> Register****
12/07/2024  03:42:40 PM: INFO: ****Click on MyAccount ==> Register****
12/07/2024  03:42:42 PM: INFO: ****Account Registration is Passed****
12/07/2024  03:42:42 PM: INFO: ****Account Registration is Passed****
12/07/2024  03:42:42 PM: INFO: ****Account Registration is Passed****
12/07/2024  03:44:36 PM: INFO: ****test_001_AccountRegistration started****
12/07/2024  03:44:36 PM: INFO: ****test_001_AccountRegistration started****
12/07/2024  03:44:36 PM: INFO: ****test_001_AccountRegistration started****
12/07/2024  03:44:38 PM: INFO: ****Launching Application****
12/07/2024  03:44:38 PM: INFO: ****Launching Application****
12/07/2024  03:44:38 PM: INFO: ****Launching Application****
12/07/2024  03:44:38 PM: INFO: ****Click on MyAccount ==> Register****
12/07/2024  03:44:38 PM: INFO: ****Click on MyAccount ==> Register****
12/07/2024  03:44:38 PM: INFO: ****Click on MyAccount ==> Register****
12/07/2024  03:44:40 PM: INFO: ****Account Registration is Passed****
12/07/2024  03:44:40 PM: INFO: ****Account Registration is Passed****
12/07/2024  03:44:40 PM: INFO: ****Account Registration is Passed****
12/07/2024  03:52:25 PM: INFO: ****test_001_AccountRegistration started****
12/07/2024  03:52:25 PM: INFO: ****test_001_AccountRegistration started****
12/07/2024  03:52:25 PM: INFO: ****test_001_AccountRegistration started****
12/07/2024  03:52:26 PM: INFO: ****Launching Application****
12/07/2024  03:52:26 PM: INFO: ****Launching Application****
12/07/2024  03:52:26 PM: INFO: ****Launching Application****
12/07/2024  03:52:26 PM: INFO: ****Click on MyAccount ==> Register****
12/07/2024  03:52:26 PM: INFO: ****Click on MyAccount ==> Register****
12/07/2024  03:52:26 PM: INFO: ****Click on MyAccount ==> Register****
12/07/2024  03:52:29 PM: INFO: ****Account Registration is Passed****
12/07/2024  03:52:29 PM: INFO: ****Account Registration is Passed****
12/07/2024  03:52:29 PM: INFO: ****Account Registration is Passed****
12/07/2024  03:56:35 PM: INFO: ****test_001_AccountRegistration started****
12/07/2024  03:56:35 PM: INFO: ****test_001_AccountRegistration started****
12/07/2024  03:56:35 PM: INFO: ****test_001_AccountRegistration started****
12/07/2024  03:56:37 PM: INFO: ****Launching Application****
12/07/2024  03:56:37 PM: INFO: ****Launching Application****
12/07/2024  03:56:37 PM: INFO: ****Launching Application****
12/07/2024  03:56:37 PM: INFO: ****Click on MyAccount ==> Register****
12/07/2024  03:56:37 PM: INFO: ****Click on MyAccount ==> Register****
12/07/2024  03:56:37 PM: INFO: ****Click on MyAccount ==> Register****
12/07/2024  03:56:39 PM: INFO: ****Account Registration is Passed****
12/07/2024  03:56:39 PM: INFO: ****Account Registration is Passed****
12/07/2024  03:56:39 PM: INFO: ****Account Registration is Passed****
12/07/2024  04:02:39 PM: INFO: ****test_001_AccountRegistration started****
12/07/2024  04:02:39 PM: INFO: ****test_001_AccountRegistration started****
12/07/2024  04:02:39 PM: INFO: ****test_001_AccountRegistration started****
12/07/2024  04:02:40 PM: INFO: ****Launching Application****
12/07/2024  04:02:40 PM: INFO: ****Launching Application****
12/07/2024  04:02:40 PM: INFO: ****Launching Application****
12/07/2024  04:02:41 PM: INFO: ****Click on MyAccount ==> Register****
12/07/2024  04:02:41 PM: INFO: ****Click on MyAccount ==> Register****
12/07/2024  04:02:41 PM: INFO: ****Click on MyAccount ==> Register****
12/07/2024  04:02:44 PM: INFO: ****Account Registration is Passed****
12/07/2024  04:02:44 PM: INFO: ****Account Registration is Passed****
12/07/2024  04:02:44 PM: INFO: ****Account Registration is Passed****
12/07/2024  04:04:57 PM: INFO: ****test_001_AccountRegistration started****
12/07/2024  04:04:57 PM: INFO: ****test_001_AccountRegistration started****
12/07/2024  04:04:57 PM: INFO: ****test_001_AccountRegistration started****
12/07/2024  04:04:59 PM: INFO: ****Launching Application****
12/07/2024  04:04:59 PM: INFO: ****Launching Application****
12/07/2024  04:04:59 PM: INFO: ****Launching Application****
12/07/2024  04:04:59 PM: INFO: ****Click on MyAccount ==> Register****
12/07/2024  04:04:59 PM: INFO: ****Click on MyAccount ==> Register****
12/07/2024  04:04:59 PM: INFO: ****Click on MyAccount ==> Register****
12/07/2024  04:05:00 PM: INFO: ****Account Registration is Passed****
12/07/2024  04:05:00 PM: INFO: ****Account Registration is Passed****
12/07/2024  04:05:00 PM: INFO: ****Account Registration is Passed****
12/07/2024  04:14:07 PM: INFO: ****test_001_AccountRegistration started****
12/07/2024  04:14:07 PM: INFO: ****test_001_AccountRegistration started****
12/07/2024  04:14:07 PM: INFO: ****test_001_AccountRegistration started****
12/07/2024  04:14:09 PM: INFO: ****Launching Application****
12/07/2024  04:14:09 PM: INFO: ****Launching Application****
12/07/2024  04:14:09 PM: INFO: ****Launching Application****
12/07/2024  04:14:09 PM: INFO: ****Click on MyAccount ==> Register****
12/07/2024  04:14:09 PM: INFO: ****Click on MyAccount ==> Register****
12/07/2024  04:14:09 PM: INFO: ****Click on MyAccount ==> Register****
12/07/2024  04:14:12 PM: INFO: ****Account Registration is Passed****
12/07/2024  04:14:12 PM: INFO: ****Account Registration is Passed****
12/07/2024  04:14:12 PM: INFO: ****Account Registration is Passed****
12/07/2024  04:15:37 PM: INFO: ****test_001_AccountRegistration started****
12/07/2024  04:15:37 PM: INFO: ****test_001_AccountRegistration started****
12/07/2024  04:15:37 PM: INFO: ****test_001_AccountRegistration started****
12/07/2024  04:15:38 PM: INFO: ****Launching Application****
12/07/2024  04:15:38 PM: INFO: ****Launching Application****
12/07/2024  04:15:38 PM: INFO: ****Launching Application****
12/07/2024  04:15:38 PM: INFO: ****Click on MyAccount ==> Register****
12/07/2024  04:15:38 PM: INFO: ****Click on MyAccount ==> Register****
12/07/2024  04:15:38 PM: INFO: ****Click on MyAccount ==> Register****
12/07/2024  04:15:41 PM: INFO: ****Account Registration is Passed****
12/07/2024  04:15:41 PM: INFO: ****Account Registration is Passed****
12/07/2024  04:15:41 PM: INFO: ****Account Registration is Passed****
12/07/2024  04:15:45 PM: INFO: ******* Starting test_002_login **********
12/07/2024  04:15:45 PM: INFO: ******* Starting test_002_login **********
12/07/2024  04:15:45 PM: INFO: ******* Starting test_002_login **********
12/07/2024  04:15:48 PM: INFO: ******* End of test_002_login **********
12/07/2024  04:15:48 PM: INFO: ******* End of test_002_login **********
12/07/2024  04:15:48 PM: INFO: ******* End of test_002_login **********
12/07/2024  04:15:52 PM: INFO: ****Starting of Data Driven Test Case****
12/07/2024  04:15:52 PM: INFO: ****Starting of Data Driven Test Case****
12/07/2024  04:15:52 PM: INFO: ****Starting of Data Driven Test Case****
12/08/2024  04:45:53 AM: INFO: ****test_001_AccountRegistration started****
12/08/2024  04:45:53 AM: INFO: ****test_001_AccountRegistration started****
12/08/2024  04:45:53 AM: INFO: ****test_001_AccountRegistration started****
12/08/2024  04:45:54 AM: INFO: ****Launching Application****
12/08/2024  04:45:54 AM: INFO: ****Launching Application****
12/08/2024  04:45:54 AM: INFO: ****Launching Application****
12/08/2024  04:45:54 AM: INFO: ****Click on MyAccount ==> Register****
12/08/2024  04:45:54 AM: INFO: ****Click on MyAccount ==> Register****
12/08/2024  04:45:54 AM: INFO: ****Click on MyAccount ==> Register****
12/08/2024  04:45:56 AM: INFO: ****Account Registration is Passed****
12/08/2024  04:45:56 AM: INFO: ****Account Registration is Passed****
12/08/2024  04:45:56 AM: INFO: ****Account Registration is Passed****
12/08/2024  04:45:59 AM: INFO: ******* Starting test_002_login **********
12/08/2024  04:45:59 AM: INFO: ******* Starting test_002_login **********
12/08/2024  04:45:59 AM: INFO: ******* Starting test_002_login **********
12/08/2024  04:46:02 AM: INFO: ******* End of test_002_login **********
12/08/2024  04:46:02 AM: INFO: ******* End of test_002_login **********
12/08/2024  04:46:02 AM: INFO: ******* End of test_002_login **********
12/08/2024  04:46:05 AM: INFO: ****Starting of Data Driven Test Case****
12/08/2024  04:46:05 AM: INFO: ****Starting of Data Driven Test Case****
12/08/2024  04:46:05 AM: INFO: ****Starting of Data Driven Test Case****
12/08/2024  04:46:53 AM: INFO: ******* End of test_003_login_Datadriven **********
12/08/2024  04:46:53 AM: INFO: ******* End of test_003_login_Datadriven **********
12/08/2024  04:46:53 AM: INFO: ******* End of test_003_login_Datadriven **********
12/08/2024  04:48:19 AM: INFO: ****test_001_AccountRegistration started****
12/08/2024  04:48:19 AM: INFO: ****test_001_AccountRegistration started****
12/08/2024  04:48:19 AM: INFO: ****test_001_AccountRegistration started****
12/08/2024  04:48:20 AM: INFO: ****Launching Application****
12/08/2024  04:48:20 AM: INFO: ****Launching Application****
12/08/2024  04:48:20 AM: INFO: ****Launching Application****
12/08/2024  04:48:20 AM: INFO: ****Click on MyAccount ==> Register****
12/08/2024  04:48:20 AM: INFO: ****Click on MyAccount ==> Register****
12/08/2024  04:48:20 AM: INFO: ****Click on MyAccount ==> Register****
12/08/2024  04:48:22 AM: INFO: ****Account Registration is Passed****
12/08/2024  04:48:22 AM: INFO: ****Account Registration is Passed****
12/08/2024  04:48:22 AM: INFO: ****Account Registration is Passed****
12/08/2024  05:10:37 AM: INFO: ****test_001_AccountRegistration started****
12/08/2024  05:10:37 AM: INFO: ****test_001_AccountRegistration started****
12/08/2024  05:10:37 AM: INFO: ****test_001_AccountRegistration started****
12/08/2024  05:10:39 AM: INFO: ****Launching Application****
12/08/2024  05:10:39 AM: INFO: ****Launching Application****
12/08/2024  05:10:39 AM: INFO: ****Launching Application****
12/08/2024  05:10:39 AM: INFO: ****Click on MyAccount ==> Register****
12/08/2024  05:10:39 AM: INFO: ****Click on MyAccount ==> Register****
12/08/2024  05:10:39 AM: INFO: ****Click on MyAccount ==> Register****
12/08/2024  05:10:41 AM: INFO: ****Account Registration is Passed****
12/08/2024  05:10:41 AM: INFO: ****Account Registration is Passed****
12/08/2024  05:10:41 AM: INFO: ****Account Registration is Passed****
12/08/2024  05:10:41 AM: INFO: ******* Starting test_002_login **********
12/08/2024  05:10:41 AM: INFO: ******* Starting test_002_login **********
12/08/2024  05:10:41 AM: INFO: ******* Starting test_002_login **********
12/08/2024  05:10:46 AM: INFO: ******* End of test_002_login **********
12/08/2024  05:10:46 AM: INFO: ******* End of test_002_login **********
12/08/2024  05:10:46 AM: INFO: ******* End of test_002_login **********
12/08/2024  05:10:47 AM: INFO: ****Starting of Data Driven Test Case****
12/08/2024  05:10:47 AM: INFO: ****Starting of Data Driven Test Case****
12/08/2024  05:10:47 AM: INFO: ****Starting of Data Driven Test Case****
12/08/2024  05:11:35 AM: INFO: ******* End of test_003_login_Datadriven **********
12/08/2024  05:11:35 AM: INFO: ******* End of test_003_login_Datadriven **********
12/08/2024  05:11:35 AM: INFO: ******* End of test_003_login_Datadriven **********
12/08/2024  05:13:21 AM: INFO: ****test_001_AccountRegistration started****
12/08/2024  05:13:21 AM: INFO: ****test_001_AccountRegistration started****
12/08/2024  05:13:21 AM: INFO: ****test_001_AccountRegistration started****
12/08/2024  05:13:23 AM: INFO: ****Launching Application****
12/08/2024  05:13:23 AM: INFO: ****Launching Application****
12/08/2024  05:13:23 AM: INFO: ****Launching Application****
12/08/2024  05:13:23 AM: INFO: ****Click on MyAccount ==> Register****
12/08/2024  05:13:23 AM: INFO: ****Click on MyAccount ==> Register****
12/08/2024  05:13:23 AM: INFO: ****Click on MyAccount ==> Register****
12/08/2024  05:13:25 AM: INFO: ****Account Registration is Passed****
12/08/2024  05:13:25 AM: INFO: ****Account Registration is Passed****
12/08/2024  05:13:25 AM: INFO: ****Account Registration is Passed****
12/08/2024  05:13:25 AM: INFO: ******* Starting test_002_login **********
12/08/2024  05:13:25 AM: INFO: ******* Starting test_002_login **********
12/08/2024  05:13:25 AM: INFO: ******* Starting test_002_login **********
12/08/2024  05:13:28 AM: INFO: ******* End of test_002_login **********
12/08/2024  05:13:28 AM: INFO: ******* End of test_002_login **********
12/08/2024  05:13:28 AM: INFO: ******* End of test_002_login **********
12/08/2024  05:13:29 AM: INFO: ****Starting of Data Driven Test Case****
12/08/2024  05:13:29 AM: INFO: ****Starting of Data Driven Test Case****
12/08/2024  05:13:29 AM: INFO: ****Starting of Data Driven Test Case****
12/08/2024  05:14:17 AM: INFO: ******* End of test_003_login_Datadriven **********
12/08/2024  05:14:17 AM: INFO: ******* End of test_003_login_Datadriven **********
12/08/2024  05:14:17 AM: INFO: ******* End of test_003_login_Datadriven **********
12/08/2024  05:21:46 AM: INFO: ****test_001_AccountRegistration started****
12/08/2024  05:21:46 AM: INFO: ****test_001_AccountRegistration started****
12/08/2024  05:21:46 AM: INFO: ****test_001_AccountRegistration started****
12/08/2024  05:21:47 AM: INFO: ****Launching Application****
12/08/2024  05:21:47 AM: INFO: ****Launching Application****
12/08/2024  05:21:47 AM: INFO: ****Launching Application****
12/08/2024  05:21:47 AM: INFO: ****Click on MyAccount ==> Register****
12/08/2024  05:21:47 AM: INFO: ****Click on MyAccount ==> Register****
12/08/2024  05:21:47 AM: INFO: ****Click on MyAccount ==> Register****
12/08/2024  05:21:49 AM: INFO: ****Account Registration is Passed****
12/08/2024  05:21:49 AM: INFO: ****Account Registration is Passed****
12/08/2024  05:21:49 AM: INFO: ****Account Registration is Passed****
12/08/2024  05:24:26 AM: INFO: ****test_001_AccountRegistration started****
12/08/2024  05:24:26 AM: INFO: ****test_001_AccountRegistration started****
12/08/2024  05:24:26 AM: INFO: ****test_001_AccountRegistration started****
12/08/2024  05:24:28 AM: INFO: ****Launching Application****
12/08/2024  05:24:28 AM: INFO: ****Launching Application****
12/08/2024  05:24:28 AM: INFO: ****Launching Application****
12/08/2024  05:24:28 AM: INFO: ****Click on MyAccount ==> Register****
12/08/2024  05:24:28 AM: INFO: ****Click on MyAccount ==> Register****
12/08/2024  05:24:28 AM: INFO: ****Click on MyAccount ==> Register****
12/08/2024  05:24:31 AM: INFO: ****Account Registration is Passed****
12/08/2024  05:24:31 AM: INFO: ****Account Registration is Passed****
12/08/2024  05:24:31 AM: INFO: ****Account Registration is Passed****
12/08/2024  05:29:52 AM: INFO: ****test_001_AccountRegistration started****
12/08/2024  05:29:52 AM: INFO: ****test_001_AccountRegistration started****
12/08/2024  05:29:52 AM: INFO: ****test_001_AccountRegistration started****
12/08/2024  05:29:54 AM: INFO: ****Launching Application****
12/08/2024  05:29:54 AM: INFO: ****Launching Application****
12/08/2024  05:29:54 AM: INFO: ****Launching Application****
12/08/2024  05:29:54 AM: INFO: ****Click on MyAccount ==> Register****
12/08/2024  05:29:54 AM: INFO: ****Click on MyAccount ==> Register****
12/08/2024  05:29:54 AM: INFO: ****Click on MyAccount ==> Register****
12/08/2024  05:29:56 AM: INFO: ****Account Registration is Passed****
12/08/2024  05:29:56 AM: INFO: ****Account Registration is Passed****
12/08/2024  05:29:56 AM: INFO: ****Account Registration is Passed****
12/08/2024  05:29:57 AM: INFO: ******* Starting test_002_login **********
12/08/2024  05:29:57 AM: INFO: ******* Starting test_002_login **********
12/08/2024  05:29:57 AM: INFO: ******* Starting test_002_login **********
12/08/2024  05:30:00 AM: INFO: ******* End of test_002_login **********
12/08/2024  05:30:00 AM: INFO: ******* End of test_002_login **********
12/08/2024  05:30:00 AM: INFO: ******* End of test_002_login **********
12/08/2024  05:30:01 AM: INFO: ****Starting of Data Driven Test Case****
12/08/2024  05:30:01 AM: INFO: ****Starting of Data Driven Test Case****
12/08/2024  05:30:01 AM: INFO: ****Starting of Data Driven Test Case****
12/08/2024  05:31:05 AM: INFO: ******* End of test_003_login_Datadriven **********
12/08/2024  05:31:05 AM: INFO: ******* End of test_003_login_Datadriven **********
12/08/2024  05:31:05 AM: INFO: ******* End of test_003_login_Datadriven **********
12/08/2024  05:35:33 AM: INFO: ****test_001_AccountRegistration started****
12/08/2024  05:35:33 AM: INFO: ****test_001_AccountRegistration started****
12/08/2024  05:35:33 AM: INFO: ****test_001_AccountRegistration started****
12/08/2024  05:35:35 AM: INFO: ****Launching Application****
12/08/2024  05:35:35 AM: INFO: ****Launching Application****
12/08/2024  05:35:35 AM: INFO: ****Launching Application****
12/08/2024  05:35:35 AM: INFO: ****Click on MyAccount ==> Register****
12/08/2024  05:35:35 AM: INFO: ****Click on MyAccount ==> Register****
12/08/2024  05:35:35 AM: INFO: ****Click on MyAccount ==> Register****
12/08/2024  05:35:37 AM: INFO: ****Account Registration is Passed****
12/08/2024  05:35:37 AM: INFO: ****Account Registration is Passed****
12/08/2024  05:35:37 AM: INFO: ****Account Registration is Passed****
12/10/2024  06:19:51 AM: INFO: ****test_001_AccountRegistration started****
12/10/2024  06:19:51 AM: INFO: ****test_001_AccountRegistration started****
12/10/2024  06:19:51 AM: INFO: ****test_001_AccountRegistration started****
12/10/2024  06:20:00 AM: INFO: ****Launching Application****
12/10/2024  06:20:00 AM: INFO: ****Launching Application****
12/10/2024  06:20:00 AM: INFO: ****Launching Application****
12/10/2024  06:20:01 AM: INFO: ******* Starting test_002_login **********
12/10/2024  06:20:01 AM: INFO: ******* Starting test_002_login **********
12/10/2024  06:20:01 AM: INFO: ******* Starting test_002_login **********
12/10/2024  06:20:03 AM: INFO: ****Starting of Data Driven Test Case****
12/10/2024  06:20:03 AM: INFO: ****Starting of Data Driven Test Case****
12/10/2024  06:20:03 AM: INFO: ****Starting of Data Driven Test Case****
12/10/2024  06:20:20 AM: INFO: ****Starting of Data Driven Test Case****
12/10/2024  06:20:20 AM: INFO: ****Starting of Data Driven Test Case****
12/10/2024  06:20:20 AM: INFO: ****Starting of Data Driven Test Case****
12/10/2024  06:20:21 AM: INFO: ******* Starting test_002_login **********
12/10/2024  06:20:21 AM: INFO: ******* Starting test_002_login **********
12/10/2024  06:20:21 AM: INFO: ******* Starting test_002_login **********
12/10/2024  06:20:21 AM: INFO: ****test_001_AccountRegistration started****
12/10/2024  06:20:21 AM: INFO: ****test_001_AccountRegistration started****
12/10/2024  06:20:21 AM: INFO: ****test_001_AccountRegistration started****
12/10/2024  06:21:42 AM: INFO: ****Starting of Data Driven Test Case****
12/10/2024  06:21:42 AM: INFO: ****Starting of Data Driven Test Case****
12/10/2024  06:21:42 AM: INFO: ****Starting of Data Driven Test Case****
12/10/2024  06:21:42 AM: INFO: ******* Starting test_002_login **********
12/10/2024  06:21:42 AM: INFO: ******* Starting test_002_login **********
12/10/2024  06:21:42 AM: INFO: ******* Starting test_002_login **********
12/10/2024  06:21:43 AM: INFO: ****test_001_AccountRegistration started****
12/10/2024  06:21:43 AM: INFO: ****test_001_AccountRegistration started****
12/10/2024  06:21:43 AM: INFO: ****test_001_AccountRegistration started****
12/10/2024  06:23:49 AM: INFO: ******* Starting test_002_login **********
12/10/2024  06:23:49 AM: INFO: ******* Starting test_002_login **********
12/10/2024  06:23:49 AM: INFO: ******* Starting test_002_login **********
12/10/2024  06:23:49 AM: INFO: ****Starting of Data Driven Test Case****
12/10/2024  06:23:49 AM: INFO: ****Starting of Data Driven Test Case****
12/10/2024  06:23:49 AM: INFO: ****Starting of Data Driven Test Case****
12/10/2024  06:23:49 AM: INFO: ****test_001_AccountRegistration started****
12/10/2024  06:23:49 AM: INFO: ****test_001_AccountRegistration started****
12/10/2024  06:23:49 AM: INFO: ****test_001_AccountRegistration started****
12/10/2024  06:23:52 AM: INFO: ****Launching Application****
12/10/2024  06:23:52 AM: INFO: ****Launching Application****
12/10/2024  06:23:52 AM: INFO: ****Launching Application****
12/10/2024  06:23:52 AM: INFO: ****Click on MyAccount ==> Register****
12/10/2024  06:23:52 AM: INFO: ****Click on MyAccount ==> Register****
12/10/2024  06:23:52 AM: INFO: ****Click on MyAccount ==> Register****
12/10/2024  06:23:54 AM: INFO: ****Account Registration is Passed****
12/10/2024  06:23:54 AM: INFO: ****Account Registration is Passed****
12/10/2024  06:23:54 AM: INFO: ****Account Registration is Passed****
12/10/2024  06:27:41 AM: INFO: ****test_001_AccountRegistration started****
12/10/2024  06:27:41 AM: INFO: ****test_001_AccountRegistration started****
12/10/2024  06:27:41 AM: INFO: ****test_001_AccountRegistration started****
12/10/2024  06:27:42 AM: INFO: ****Launching Application****
12/10/2024  06:27:42 AM: INFO: ****Launching Application****
12/10/2024  06:27:42 AM: INFO: ****Launching Application****
12/10/2024  06:27:42 AM: INFO: ****Click on MyAccount ==> Register****
12/10/2024  06:27:42 AM: INFO: ****Click on MyAccount ==> Register****
12/10/2024  06:27:42 AM: INFO: ****Click on MyAccount ==> Register****
12/10/2024  06:27:53 AM: INFO: ******* Starting test_002_login **********
12/10/2024  06:27:53 AM: INFO: ******* Starting test_002_login **********
12/10/2024  06:27:53 AM: INFO: ******* Starting test_002_login **********
12/10/2024  06:28:05 AM: INFO: ****Starting of Data Driven Test Case****
12/10/2024  06:28:05 AM: INFO: ****Starting of Data Driven Test Case****
12/10/2024  06:28:05 AM: INFO: ****Starting of Data Driven Test Case****
12/10/2024  06:28:32 AM: INFO: ****test_001_AccountRegistration started****
12/10/2024  06:28:32 AM: INFO: ****test_001_AccountRegistration started****
12/10/2024  06:28:32 AM: INFO: ****test_001_AccountRegistration started****
12/10/2024  06:28:33 AM: INFO: ****Launching Application****
12/10/2024  06:28:33 AM: INFO: ****Launching Application****
12/10/2024  06:28:33 AM: INFO: ****Launching Application****
12/10/2024  06:28:33 AM: INFO: ****Click on MyAccount ==> Register****
12/10/2024  06:28:33 AM: INFO: ****Click on MyAccount ==> Register****
12/10/2024  06:28:33 AM: INFO: ****Click on MyAccount ==> Register****
12/10/2024  06:28:34 AM: INFO: ****Account Registration is Passed****
12/10/2024  06:28:34 AM: INFO: ****Account Registration is Passed****
12/10/2024  06:28:34 AM: INFO: ****Account Registration is Passed****
12/10/2024  06:28:35 AM: INFO: ******* Starting test_002_login **********
12/10/2024  06:28:35 AM: INFO: ******* Starting test_002_login **********
12/10/2024  06:28:35 AM: INFO: ******* Starting test_002_login **********
12/10/2024  06:28:48 AM: INFO: ****Starting of Data Driven Test Case****
12/10/2024  06:28:48 AM: INFO: ****Starting of Data Driven Test Case****
12/10/2024  06:28:48 AM: INFO: ****Starting of Data Driven Test Case****
12/10/2024  06:34:23 AM: INFO: ****test_001_AccountRegistration started****
12/10/2024  06:34:23 AM: INFO: ****test_001_AccountRegistration started****
12/10/2024  06:34:23 AM: INFO: ****test_001_AccountRegistration started****
12/10/2024  06:34:25 AM: INFO: ****Launching Application****
12/10/2024  06:34:25 AM: INFO: ****Launching Application****
12/10/2024  06:34:25 AM: INFO: ****Launching Application****
12/10/2024  06:34:25 AM: INFO: ****Click on MyAccount ==> Register****
12/10/2024  06:34:25 AM: INFO: ****Click on MyAccount ==> Register****
12/10/2024  06:34:25 AM: INFO: ****Click on MyAccount ==> Register****
12/10/2024  06:34:27 AM: INFO: ****Account Registration is Passed****
12/10/2024  06:34:27 AM: INFO: ****Account Registration is Passed****
12/10/2024  06:34:27 AM: INFO: ****Account Registration is Passed****
12/10/2024  06:35:01 AM: INFO: ****test_001_AccountRegistration started****
12/10/2024  06:35:01 AM: INFO: ****test_001_AccountRegistration started****
12/10/2024  06:35:01 AM: INFO: ****test_001_AccountRegistration started****
12/10/2024  06:35:02 AM: INFO: ****Launching Application****
12/10/2024  06:35:02 AM: INFO: ****Launching Application****
12/10/2024  06:35:02 AM: INFO: ****Launching Application****
12/10/2024  06:35:02 AM: INFO: ****Click on MyAccount ==> Register****
12/10/2024  06:35:02 AM: INFO: ****Click on MyAccount ==> Register****
12/10/2024  06:35:02 AM: INFO: ****Click on MyAccount ==> Register****
12/10/2024  06:35:04 AM: INFO: ****Account Registration is Passed****
12/10/2024  06:35:04 AM: INFO: ****Account Registration is Passed****
12/10/2024  06:35:04 AM: INFO: ****Account Registration is Passed****
12/10/2024  06:36:22 AM: INFO: ****test_001_AccountRegistration started****
12/10/2024  06:36:22 AM: INFO: ****test_001_AccountRegistration started****
12/10/2024  06:36:22 AM: INFO: ****test_001_AccountRegistration started****
12/10/2024  06:36:23 AM: INFO: ****Launching Application****
12/10/2024  06:36:23 AM: INFO: ****Launching Application****
12/10/2024  06:36:23 AM: INFO: ****Launching Application****
12/10/2024  06:36:23 AM: INFO: ****Click on MyAccount ==> Register****
12/10/2024  06:36:23 AM: INFO: ****Click on MyAccount ==> Register****
12/10/2024  06:36:23 AM: INFO: ****Click on MyAccount ==> Register****
12/10/2024  06:36:25 AM: INFO: ****Account Registration is Passed****
12/10/2024  06:36:25 AM: INFO: ****Account Registration is Passed****
12/10/2024  06:36:25 AM: INFO: ****Account Registration is Passed****
12/10/2024  06:36:26 AM: INFO: ******* Starting test_002_login **********
12/10/2024  06:36:26 AM: INFO: ******* Starting test_002_login **********
12/10/2024  06:36:26 AM: INFO: ******* Starting test_002_login **********
12/10/2024  08:08:31 AM: INFO: ****test_001_AccountRegistration started****
12/10/2024  08:08:31 AM: INFO: ****test_001_AccountRegistration started****
12/10/2024  08:08:31 AM: INFO: ****test_001_AccountRegistration started****
12/10/2024  08:08:32 AM: INFO: ****Launching Application****
12/10/2024  08:08:32 AM: INFO: ****Launching Application****
12/10/2024  08:08:32 AM: INFO: ****Launching Application****
12/10/2024  08:08:32 AM: INFO: ****Click on MyAccount ==> Register****
12/10/2024  08:08:32 AM: INFO: ****Click on MyAccount ==> Register****
12/10/2024  08:08:32 AM: INFO: ****Click on MyAccount ==> Register****
12/10/2024  08:08:35 AM: INFO: ****Account Registration is Passed****
12/10/2024  08:08:35 AM: INFO: ****Account Registration is Passed****
12/10/2024  08:08:35 AM: INFO: ****Account Registration is Passed****
12/10/2024  08:09:41 AM: INFO: ******* Starting test_002_login **********
12/10/2024  08:09:41 AM: INFO: ******* Starting test_002_login **********
12/10/2024  08:09:41 AM: INFO: ******* Starting test_002_login **********
12/10/2024  08:09:41 AM: INFO: ****test_001_AccountRegistration started****
12/10/2024  08:09:41 AM: INFO: ****test_001_AccountRegistration started****
12/10/2024  08:09:41 AM: INFO: ****test_001_AccountRegistration started****
12/10/2024  08:09:41 AM: INFO: ****Launching Application****
12/10/2024  08:09:41 AM: INFO: ****Launching Application****
12/10/2024  08:09:41 AM: INFO: ****Launching Application****
12/10/2024  08:09:42 AM: INFO: ****Click on MyAccount ==> Register****
12/10/2024  08:09:42 AM: INFO: ****Click on MyAccount ==> Register****
12/10/2024  08:09:42 AM: INFO: ****Click on MyAccount ==> Register****
12/10/2024  08:09:45 AM: INFO: ****Account Registration is Passed****
12/10/2024  08:09:45 AM: INFO: ****Account Registration is Passed****
12/10/2024  08:09:45 AM: INFO: ****Account Registration is Passed****
